[    0.000000] Linux version 4.15.0-117-generic (buildd@lcy01-amd64-008) (gcc version 7.5.0 (Ubuntu 7.5.0-3ubuntu1~18.04)) #118-Ubuntu SMP Fri Sep 4 20:02:41 UTC 2020 (Ubuntu 4.15.0-117.118-generic 4.15.18)
[    0.000000] Command line: BOOT_IMAGE=/boot/vmlinuz-4.15.0-117-generic root=LABEL=cloudimg-rootfs ro console=tty1 console=ttyS0
[    0.000000] KERNEL supported cpus:
[    0.000000]   Intel GenuineIntel
[    0.000000]   AMD AuthenticAMD
[    0.000000]   Centaur CentaurHauls
[    0.000000] x86/fpu: x87 FPU will use FXSAVE
[    0.000000] e820: BIOS-provided physical RAM map:
[    0.000000] BIOS-e820: [mem 0x0000000000000000-0x000000000009fbff] usable
[    0.000000] BIOS-e820: [mem 0x000000000009fc00-0x000000000009ffff] reserved
[    0.000000] BIOS-e820: [mem 0x00000000000f0000-0x00000000000fffff] reserved
[    0.000000] BIOS-e820: [mem 0x0000000000100000-0x00000000dffeffff] usable
[    0.000000] BIOS-e820: [mem 0x00000000dfff0000-0x00000000dfffffff] ACPI data
[    0.000000] BIOS-e820: [mem 0x00000000fec00000-0x00000000fec00fff] reserved
[    0.000000] BIOS-e820: [mem 0x00000000fee00000-0x00000000fee00fff] reserved
[    0.000000] BIOS-e820: [mem 0x00000000fffc0000-0x00000000ffffffff] reserved
[    0.000000] BIOS-e820: [mem 0x0000000100000000-0x000000011fffffff] usable
[    0.000000] NX (Execute Disable) protection: active
[    0.000000] SMBIOS 2.5 present.
[    0.000000] DMI: innotek GmbH VirtualBox/VirtualBox, BIOS VirtualBox 12/01/2006
[    0.000000] Hypervisor detected: KVM
[    0.000000] e820: last_pfn = 0x120000 max_arch_pfn = 0x400000000
[    0.000000] MTRR: Disabled
[    0.000000] x86/PAT: MTRRs disabled, skipping PAT initialization too.
[    0.000000] CPU MTRRs all blank - virtualized system.
[    0.000000] x86/PAT: Configuration [0-7]: WB  WT  UC- UC  WB  WT  UC- UC  
[    0.000000] e820: last_pfn = 0xdfff0 max_arch_pfn = 0x400000000
[    0.000000] found SMP MP-table at [mem 0x0009fff0-0x0009ffff]
[    0.000000] Scanning 1 areas for low memory corruption
[    0.000000] RAMDISK: [mem 0x35a67000-0x36d2afff]
[    0.000000] ACPI: Early table checksum verification disabled
[    0.000000] ACPI: RSDP 0x00000000000E0000 000024 (v02 VBOX  )
[    0.000000] ACPI: XSDT 0x00000000DFFF0030 00003C (v01 VBOX   VBOXXSDT 00000001 ASL  00000061)
[    0.000000] ACPI: FACP 0x00000000DFFF00F0 0000F4 (v04 VBOX   VBOXFACP 00000001 ASL  00000061)
[    0.000000] ACPI: DSDT 0x00000000DFFF0470 002325 (v02 VBOX   VBOXBIOS 00000002 INTL 20100528)
[    0.000000] ACPI: FACS 0x00000000DFFF0200 000040
[    0.000000] ACPI: FACS 0x00000000DFFF0200 000040
[    0.000000] ACPI: APIC 0x00000000DFFF0240 00005C (v02 VBOX   VBOXAPIC 00000001 ASL  00000061)
[    0.000000] ACPI: SSDT 0x00000000DFFF02A0 0001CC (v01 VBOX   VBOXCPUT 00000002 INTL 20100528)
[    0.000000] No NUMA configuration found
[    0.000000] Faking a node at [mem 0x0000000000000000-0x000000011fffffff]
[    0.000000] NODE_DATA(0) allocated [mem 0x11ffd1000-0x11fffbfff]
[    0.000000] kvm-clock: cpu 0, msr 1:1ff50001, primary cpu clock
[    0.000000] kvm-clock: Using msrs 4b564d01 and 4b564d00
[    0.000000] kvm-clock: using sched offset of 5459309834 cycles
[    0.000000] clocksource: kvm-clock: mask: 0xffffffffffffffff max_cycles: 0x1cd42e4dffb, max_idle_ns: 881590591483 ns
[    0.000000] Zone ranges:
[    0.000000]   DMA      [mem 0x0000000000001000-0x0000000000ffffff]
[    0.000000]   DMA32    [mem 0x0000000001000000-0x00000000ffffffff]
[    0.000000]   Normal   [mem 0x0000000100000000-0x000000011fffffff]
[    0.000000]   Device   empty
[    0.000000] Movable zone start for each node
[    0.000000] Early memory node ranges
[    0.000000]   node   0: [mem 0x0000000000001000-0x000000000009efff]
[    0.000000]   node   0: [mem 0x0000000000100000-0x00000000dffeffff]
[    0.000000]   node   0: [mem 0x0000000100000000-0x000000011fffffff]
[    0.000000] Reserved but unavailable: 98 pages
[    0.000000] Initmem setup node 0 [mem 0x0000000000001000-0x000000011fffffff]
[    0.000000] ACPI: PM-Timer IO Port: 0x4008
[    0.000000] IOAPIC[0]: apic_id 2, version 32, address 0xfec00000, GSI 0-23
[    0.000000] ACPI: INT_SRC_OVR (bus 0 bus_irq 0 global_irq 2 dfl dfl)
[    0.000000] ACPI: INT_SRC_OVR (bus 0 bus_irq 9 global_irq 9 low level)
[    0.000000] Using ACPI (MADT) for SMP configuration information
[    0.000000] smpboot: Allowing 2 CPUs, 0 hotplug CPUs
[    0.000000] PM: Registered nosave memory: [mem 0x00000000-0x00000fff]
[    0.000000] PM: Registered nosave memory: [mem 0x0009f000-0x0009ffff]
[    0.000000] PM: Registered nosave memory: [mem 0x000a0000-0x000effff]
[    0.000000] PM: Registered nosave memory: [mem 0x000f0000-0x000fffff]
[    0.000000] PM: Registered nosave memory: [mem 0xdfff0000-0xdfffffff]
[    0.000000] PM: Registered nosave memory: [mem 0xe0000000-0xfebfffff]
[    0.000000] PM: Registered nosave memory: [mem 0xfec00000-0xfec00fff]
[    0.000000] PM: Registered nosave memory: [mem 0xfec01000-0xfedfffff]
[    0.000000] PM: Registered nosave memory: [mem 0xfee00000-0xfee00fff]
[    0.000000] PM: Registered nosave memory: [mem 0xfee01000-0xfffbffff]
[    0.000000] PM: Registered nosave memory: [mem 0xfffc0000-0xffffffff]
[    0.000000] e820: [mem 0xe0000000-0xfebfffff] available for PCI devices
[    0.000000] Booting paravirtualized kernel on KVM
[    0.000000] clocksource: refined-jiffies: mask: 0xffffffff max_cycles: 0xffffffff, max_idle_ns: 7645519600211568 ns
[    0.000000] random: get_random_bytes called from start_kernel+0x99/0x500 with crng_init=0
[    0.000000] setup_percpu: NR_CPUS:8192 nr_cpumask_bits:2 nr_cpu_ids:2 nr_node_ids:1
[    0.000000] percpu: Embedded 45 pages/cpu s147456 r8192 d28672 u1048576
[    0.000000] PV qspinlock hash table entries: 256 (order: 0, 4096 bytes)
[    0.000000] Built 1 zonelists, mobility grouping on.  Total pages: 1032057
[    0.000000] Policy zone: Normal
[    0.000000] Kernel command line: BOOT_IMAGE=/boot/vmlinuz-4.15.0-117-generic root=LABEL=cloudimg-rootfs ro console=tty1 console=ttyS0
[    0.000000] Memory: 4013640K/4193848K available (12300K kernel code, 2481K rwdata, 4272K rodata, 2436K init, 2724K bss, 180208K reserved, 0K cma-reserved)
[    0.000000] SLUB: HWalign=64, Order=0-3, MinObjects=0, CPUs=2, Nodes=1
[    0.000000] Kernel/User page tables isolation: enabled
[    0.000000] ftrace: allocating 39392 entries in 154 pages
[    0.004000] Hierarchical RCU implementation.
[    0.004000] 	RCU restricting CPUs from NR_CPUS=8192 to nr_cpu_ids=2.
[    0.004000] 	Tasks RCU enabled.
[    0.004000] RCU: Adjusting geometry for rcu_fanout_leaf=16, nr_cpu_ids=2
[    0.004000] NR_IRQS: 524544, nr_irqs: 440, preallocated irqs: 16
[    0.004000] Console: colour VGA+ 80x25
[    0.004000] console [tty1] enabled
[    0.004000] console [ttyS0] enabled
[    0.004000] ACPI: Core revision 20170831
[    0.004000] ACPI: 2 ACPI AML tables successfully acquired and loaded
[    0.004000] APIC: Switch to symmetric I/O mode setup
[    0.004000] ..TIMER: vector=0x30 apic1=0 pin1=2 apic2=-1 pin2=-1
[    0.004005] tsc: Detected 2711.998 MHz processor
[    0.008012] Calibrating delay loop (skipped) preset value.. 5423.99 BogoMIPS (lpj=10847992)
[    0.012007] pid_max: default: 32768 minimum: 301
[    0.016088] Security Framework initialized
[    0.020005] Yama: becoming mindful.
[    0.024132] AppArmor: AppArmor initialized
[    0.055668] Dentry cache hash table entries: 524288 (order: 10, 4194304 bytes)
[    0.068777] Inode-cache hash table entries: 262144 (order: 9, 2097152 bytes)
[    0.072334] Mount-cache hash table entries: 8192 (order: 4, 65536 bytes)
[    0.076320] Mountpoint-cache hash table entries: 8192 (order: 4, 65536 bytes)
[    0.081392] Last level iTLB entries: 4KB 64, 2MB 8, 4MB 8
[    0.084006] Last level dTLB entries: 4KB 64, 2MB 0, 4MB 0, 1GB 4
[    0.088007] Spectre V1 : Mitigation: usercopy/swapgs barriers and __user pointer sanitization
[    0.092006] Spectre V2 : Mitigation: Full generic retpoline
[    0.096006] Spectre V2 : Spectre v2 / SpectreRSB mitigation: Filling RSB on context switch
[    0.100005] Speculative Store Bypass: Vulnerable
[    0.104050] MDS: Mitigation: Clear CPU buffers
[    0.108175] Freeing SMP alternatives memory: 36K
[    0.225870] smpboot: CPU0: Intel(R) Core(TM) i5-7200U CPU @ 2.50GHz (family: 0x6, model: 0x8e, stepping: 0x9)
[    0.228657] Performance Events: unsupported p6 CPU model 142 no PMU driver, software events only.
[    0.232151] Hierarchical SRCU implementation.
[    0.240208] NMI watchdog: Perf event create on CPU 0 failed with -2
[    0.244007] NMI watchdog: Perf NMI watchdog permanently disabled
[    0.248558] smp: Bringing up secondary CPUs ...
[    0.256195] x86: Booting SMP configuration:
[    0.260011] .... node  #0, CPUs:      #1
[    0.004000] kvm-clock: cpu 1, msr 1:1ff50041, secondary cpu clock
[    0.271421] TSC synchronization [CPU#0 -> CPU#1]:
[    0.272000] Measured 83630 cycles TSC warp between CPUs, turning off TSC clock.
[    0.272000] tsc: Marking TSC unstable due to check_tsc_sync_source failed
[    0.276310] smp: Brought up 1 node, 2 CPUs
[    0.280013] smpboot: Max logical packages: 1
[    0.284009] smpboot: Total of 2 processors activated (10847.99 BogoMIPS)
[    0.292102] devtmpfs: initialized
[    0.295762] x86/mm: Memory block size: 128MB
[    0.297328] evm: security.selinux
[    0.300004] evm: security.SMACK64
[    0.304004] evm: security.SMACK64EXEC
[    0.308006] evm: security.SMACK64TRANSMUTE
[    0.312004] evm: security.SMACK64MMAP
[    0.316005] evm: security.apparmor
[    0.320008] evm: security.ima
[    0.322879] evm: security.capability
[    0.324604] clocksource: jiffies: mask: 0xffffffff max_cycles: 0xffffffff, max_idle_ns: 7645041785100000 ns
[    0.328149] futex hash table entries: 512 (order: 3, 32768 bytes)
[    0.332357] pinctrl core: initialized pinctrl subsystem
[    0.340182] RTC time: 11:46:49, date: 09/22/20
[    0.345704] NET: Registered protocol family 16
[    0.348161] audit: initializing netlink subsys (disabled)
[    0.356006] audit: type=2000 audit(1600775217.310:1): state=initialized audit_enabled=0 res=1
[    0.368012] cpuidle: using governor ladder
[    0.372019] cpuidle: using governor menu
[    0.376089] ACPI: bus type PCI registered
[    0.380005] acpiphp: ACPI Hot Plug PCI Controller Driver version: 0.5
[    0.384538] PCI: Using configuration type 1 for base access
[    0.400145] HugeTLB registered 2.00 MiB page size, pre-allocated 0 pages
[    0.412469] ACPI: Added _OSI(Module Device)
[    0.416007] ACPI: Added _OSI(Processor Device)
[    0.420006] ACPI: Added _OSI(3.0 _SCP Extensions)
[    0.424007] ACPI: Added _OSI(Processor Aggregator Device)
[    0.428009] ACPI: Added _OSI(Linux-Dell-Video)
[    0.432010] ACPI: Added _OSI(Linux-Lenovo-NV-HDMI-Audio)
[    0.436010] ACPI: Added _OSI(Linux-HPI-Hybrid-Graphics)
[    0.440936] ACPI: Executed 1 blocks of module-level executable AML code
[    0.449840] ACPI: Interpreter enabled
[    0.452023] ACPI: (supports S0 S5)
[    0.456006] ACPI: Using IOAPIC for interrupt routing
[    0.460426] PCI: Using host bridge windows from ACPI; if necessary, use "pci=nocrs" and report a bug
[    0.464266] ACPI: Enabled 2 GPEs in block 00 to 07
[    0.481159] ACPI: PCI Root Bridge [PCI0] (domain 0000 [bus 00-ff])
[    0.484015] acpi PNP0A03:00: _OSC: OS supports [ASPM ClockPM Segments MSI]
[    0.489078] acpi PNP0A03:00: _OSC: not requesting OS control; OS requires [ExtendedConfig ASPM ClockPM MSI]
[    0.492031] acpi PNP0A03:00: fail to add MMCONFIG information, can't access extended PCI configuration space under this bridge.
[    0.496732] PCI host bridge to bus 0000:00
[    0.500008] pci_bus 0000:00: root bus resource [io  0x0000-0x0cf7 window]
[    0.504012] pci_bus 0000:00: root bus resource [io  0x0d00-0xffff window]
[    0.508010] pci_bus 0000:00: root bus resource [mem 0x000a0000-0x000bffff window]
[    0.512011] pci_bus 0000:00: root bus resource [mem 0xe0000000-0xfdffffff window]
[    0.516013] pci_bus 0000:00: root bus resource [bus 00-ff]
[    0.527198] pci 0000:00:01.1: legacy IDE quirk: reg 0x10: [io  0x01f0-0x01f7]
[    0.528010] pci 0000:00:01.1: legacy IDE quirk: reg 0x14: [io  0x03f6]
[    0.532009] pci 0000:00:01.1: legacy IDE quirk: reg 0x18: [io  0x0170-0x0177]
[    0.536007] pci 0000:00:01.1: legacy IDE quirk: reg 0x1c: [io  0x0376]
[    0.608214] pci 0000:00:07.0: quirk: [io  0x4000-0x403f] claimed by PIIX4 ACPI
[    0.620035] pci 0000:00:07.0: quirk: [io  0x4100-0x410f] claimed by PIIX4 SMB
[    0.644328] ACPI: PCI Interrupt Link [LNKA] (IRQs 5 9 10 *11)
[    0.656089] ACPI: PCI Interrupt Link [LNKB] (IRQs 5 9 *10 11)
[    0.664214] ACPI: PCI Interrupt Link [LNKC] (IRQs 5 *9 10 11)
[    0.676207] ACPI: PCI Interrupt Link [LNKD] (IRQs 5 9 10 *11)
[    0.685153] SCSI subsystem initialized
[    0.696425] pci 0000:00:02.0: vgaarb: setting as boot VGA device
[    0.700000] pci 0000:00:02.0: vgaarb: VGA device added: decodes=io+mem,owns=io+mem,locks=none
[    0.732010] pci 0000:00:02.0: vgaarb: bridge control possible
[    0.740006] vgaarb: loaded
[    0.744096] ACPI: bus type USB registered
[    0.756065] usbcore: registered new interface driver usbfs
[    0.764029] usbcore: registered new interface driver hub
[    0.776158] usbcore: registered new device driver usb
[    0.792015] EDAC MC: Ver: 3.0.0
[    0.800325] PCI: Using ACPI for IRQ routing
[    0.808765] NetLabel: Initializing
[    0.820004] NetLabel:  domain hash size = 128
[    0.828004] NetLabel:  protocols = UNLABELED CIPSOv4 CALIPSO
[    0.840029] NetLabel:  unlabeled traffic allowed by default
[    0.852321] clocksource: Switched to clocksource kvm-clock
[    0.927018] VFS: Disk quotas dquot_6.6.0
[    0.931248] VFS: Dquot-cache hash table entries: 512 (order 0, 4096 bytes)
[    0.939669] AppArmor: AppArmor Filesystem Enabled
[    0.945732] pnp: PnP ACPI init
[    0.950628] pnp: PnP ACPI: found 3 devices
[    0.963224] clocksource: acpi_pm: mask: 0xffffff max_cycles: 0xffffff, max_idle_ns: 2085701024 ns
[    0.973860] NET: Registered protocol family 2
[    0.978865] TCP established hash table entries: 32768 (order: 6, 262144 bytes)
[    0.988390] TCP bind hash table entries: 32768 (order: 7, 524288 bytes)
[    0.996923] TCP: Hash tables configured (established 32768 bind 32768)
[    1.004271] UDP hash table entries: 2048 (order: 4, 65536 bytes)
[    1.009981] UDP-Lite hash table entries: 2048 (order: 4, 65536 bytes)
[    1.016525] NET: Registered protocol family 1
[    1.020784] pci 0000:00:00.0: Limiting direct PCI/PCI transfers
[    1.026346] pci 0000:00:01.0: Activating ISA DMA hang workarounds
[    1.032465] pci 0000:00:02.0: Video device with shadowed ROM at [mem 0x000c0000-0x000dffff]
[    1.040529] Unpacking initramfs...
[    1.743971] Freeing initrd memory: 19216K
[    1.749506] PCI-DMA: Using software bounce buffering for IO (SWIOTLB)
[    1.756367] software IO TLB: mapped [mem 0xdbff0000-0xdfff0000] (64MB)
[    1.763851] clocksource: tsc: mask: 0xffffffffffffffff max_cycles: 0x27178451938, max_idle_ns: 440795251172 ns
[    1.776044] platform rtc_cmos: registered platform RTC device (no PNP device found)
[    1.786017] Scanning for low memory corruption every 60 seconds
[    1.793614] Initialise system trusted keyrings
[    1.798015] Key type blacklist registered
[    1.803328] workingset: timestamp_bits=36 max_order=20 bucket_order=0
[    1.813894] zbud: loaded
[    1.818833] squashfs: version 4.0 (2009/01/31) Phillip Lougher
[    1.826634] fuse init (API version 7.26)
[    1.865251] Key type asymmetric registered
[    1.869643] Asymmetric key parser 'x509' registered
[    1.874399] Block layer SCSI generic (bsg) driver version 0.4 loaded (major 246)
[    1.883196] io scheduler noop registered
[    1.888401] io scheduler deadline registered
[    1.892431] io scheduler cfq registered (default)
[    1.898178] ACPI: AC Adapter [AC] (on-line)
[    1.902714] input: Power Button as /devices/LNXSYSTM:00/LNXPWRBN:00/input/input0
[    1.911181] ACPI: Power Button [PWRF]
[    1.915930] input: Sleep Button as /devices/LNXSYSTM:00/LNXSLPBN:00/input/input1
[    1.925484] ACPI: Sleep Button [SLPF]
[    1.930519] Serial: 8250/16550 driver, 32 ports, IRQ sharing enabled
[    1.932483] ACPI: Battery Slot [BAT0] (battery present)
[    1.973333] 00:02: ttyS0 at I/O 0x3f8 (irq = 4, base_baud = 115200) is a 16550A
[    1.983874] Linux agpgart interface v0.103
[    1.995955] loop: module loaded
[    2.004001] scsi host0: ata_piix
[    2.010173] scsi host1: ata_piix
[    2.013929] ata1: PATA max UDMA/33 cmd 0x1f0 ctl 0x3f6 bmdma 0xd000 irq 14
[    2.021106] ata2: PATA max UDMA/33 cmd 0x170 ctl 0x376 bmdma 0xd008 irq 15
[    2.027574] libphy: Fixed MDIO Bus: probed
[    2.033344] tun: Universal TUN/TAP device driver, 1.6
[    2.038438] PPP generic driver version 2.4.2
[    2.043052] ehci_hcd: USB 2.0 'Enhanced' Host Controller (EHCI) Driver
[    2.050616] ehci-pci: EHCI PCI platform driver
[    2.055281] ehci-platform: EHCI generic platform driver
[    2.061498] ohci_hcd: USB 1.1 'Open' Host Controller (OHCI) Driver
[    2.067280] ohci-pci: OHCI PCI platform driver
[    2.072909] ohci-platform: OHCI generic platform driver
[    2.077936] uhci_hcd: USB Universal Host Controller Interface driver
[    2.084260] i8042: PNP: PS/2 Controller [PNP0303:PS2K,PNP0f03:PS2M] at 0x60,0x64 irq 1,12
[    2.095088] serio: i8042 KBD port at 0x60,0x64 irq 1
[    2.101183] serio: i8042 AUX port at 0x60,0x64 irq 12
[    2.106570] mousedev: PS/2 mouse device common for all mice
[    2.114619] input: AT Translated Set 2 keyboard as /devices/platform/i8042/serio0/input/input2
[    2.130606] rtc_cmos rtc_cmos: rtc core: registered rtc_cmos as rtc0
[    2.137689] rtc_cmos rtc_cmos: alarms up to one day, 114 bytes nvram
[    2.143228] i2c /dev entries driver
[    2.146266] device-mapper: uevent: version 1.0.3
[    2.150822] device-mapper: ioctl: 4.37.0-ioctl (2017-09-20) initialised: dm-devel@redhat.com
[    2.160447] ledtrig-cpu: registered to indicate activity on CPUs
[    2.168843] NET: Registered protocol family 10
[    2.185950] Segment Routing with IPv6
[    2.196814] NET: Registered protocol family 17
[    2.221332] Key type dns_resolver registered
[    2.252441] mce: Using 0 MCE banks
[    2.255713] RAS: Correctable Errors collector initialized.
[    2.262333] sched_clock: Marking stable (2262265873, 0)->(5111369301, -2849103428)
[    2.275270] registered taskstats version 1
[    2.280320] Loading compiled-in X.509 certificates
[    2.293408] Loaded X.509 cert 'Build time autogenerated kernel key: 993aedfcb7091aab7364eeb95e85a8dab512d887'
[    2.305279] zswap: loaded using pool lzo/zbud
[    2.323754] Key type big_key registered
[    2.329192] Key type trusted registered
[    2.338809] Key type encrypted registered
[    2.343157] AppArmor: AppArmor sha1 policy hashing enabled
[    2.349759] ima: No TPM chip found, activating TPM-bypass! (rc=-19)
[    2.355449] ima: Allocated hash algorithm: sha1
[    2.361172] evm: HMAC attrs: 0x1
[    2.366075]   Magic number: 4:75:783
[    2.372041] rtc_cmos rtc_cmos: setting system clock to 2020-09-22 11:46:51 UTC (1600775211)
[    2.385366] BIOS EDD facility v0.16 2004-Jun-25, 0 devices found
[    2.391515] EDD information not available.
[    2.402120] Freeing unused kernel image memory: 2436K
[    2.424672] Write protecting the kernel read-only data: 20480k
[    2.434026] Freeing unused kernel image memory: 2008K
[    2.441704] Freeing unused kernel image memory: 1872K
[    2.455921] x86/mm: Checked W+X mappings: passed, no W+X pages found.
[    2.466083] x86/mm: Checking user space page tables
[    2.480448] x86/mm: Checked W+X mappings: passed, no W+X pages found.
Loading, please wait...
starting version 237
[    2.670307] Fusion MPT base driver 3.04.20
[    2.676325] Copyright (c) 1999-2008 LSI Corporation
[    2.719048] Fusion MPT SPI Host driver 3.04.20
[    2.724988] e1000: Intel(R) PRO/1000 Network Driver - version 7.3.21-k8-NAPI
[    2.732685] e1000: Copyright (c) 1999-2006 Intel Corporation.
[    2.739682] mptbase: ioc0: Initiating bringup
[    2.868038] ioc0: LSI53C1030 A0: Capabilities={Initiator}
[    3.556344] input: ImExPS/2 Generic Explorer Mouse as /devices/platform/i8042/serio1/input/input4
[    3.873261] scsi host2: ioc0: LSI53C1030 A0, FwRev=00000000h, Ports=1, MaxQ=256, IRQ=20
[    4.105888] scsi 2:0:0:0: Direct-Access     VBOX     HARDDISK         1.0  PQ: 0 ANSI: 5
[    4.680026] scsi target2:0:0: Beginning Domain Validation
[    4.755664] scsi target2:0:0: Domain Validation skipping write tests
[    4.766015] scsi target2:0:0: Ending Domain Validation
[    4.776243] scsi target2:0:0: asynchronous
[    4.784671] random: fast init done
[    4.798871] scsi 2:0:1:0: Direct-Access     VBOX     HARDDISK         1.0  PQ: 0 ANSI: 5
[    5.072906] scsi target2:0:1: Beginning Domain Validation
[    5.084936] scsi target2:0:1: Domain Validation skipping write tests
[    5.090893] scsi target2:0:1: Ending Domain Validation
[    5.096571] scsi target2:0:1: asynchronous
[    5.116917] random: systemd-udevd: uninitialized urandom read (16 bytes read)
[    5.124919] random: systemd-udevd: uninitialized urandom read (16 bytes read)
[    5.132750] random: systemd-udevd: uninitialized urandom read (16 bytes read)
[    5.140848] sd 2:0:0:0: Attached scsi generic sg0 type 0
[    5.149388] sd 2:0:0:0: [sda] 20971520 512-byte logical blocks: (10.7 GB/10.0 GiB)
[    5.157852] sd 2:0:1:0: [sdb] 20480 512-byte logical blocks: (10.5 MB/10.0 MiB)
[    5.166318] sd 2:0:1:0: Attached scsi generic sg1 type 0
[    5.172446] sd 2:0:0:0: [sda] Write Protect is off
[    5.177203] sd 2:0:1:0: [sdb] Write Protect is off
[    5.180413] e1000 0000:00:03.0 eth0: (PCI:33MHz:32-bit) 02:a6:ac:a9:9a:f4
[    5.189154] e1000 0000:00:03.0 eth0: Intel(R) PRO/1000 Network Connection
[    5.190755] sd 2:0:0:0: [sda] Incomplete mode parameter data
[    5.203708] sd 2:0:0:0: [sda] Assuming drive cache: write through
[    5.215684] e1000 0000:00:03.0 enp0s3: renamed from eth0
[    5.219095] sd 2:0:1:0: [sdb] Incomplete mode parameter data
[    5.229877] sd 2:0:1:0: [sdb] Assuming drive cache: write through
[    5.235704]  sda: sda1
[    5.243188] sd 2:0:0:0: [sda] Attached SCSI disk
[    5.255714] sd 2:0:1:0: [sdb] Attached SCSI disk
Begin: Loading essential drivers ... [    7.776140] raid6: sse2x1   gen() 18873 MB/s
[    8.774295] raid6: sse2x1   xor() 149575 MB/s
[   10.779126] raid6: sse2x2   gen() 223160 MB/s
[   12.784228] raid6: sse2x2   xor() 190386 MB/s
[   12.850673] raid6: sse2x4   gen() 17112 MB/s
[   13.780952] raid6: sse2x4   xor() 185566 MB/s
[   13.785440] raid6: using algorithm sse2x2 gen() 223160 MB/s
[   13.790341] raid6: .... xor() 190386 MB/s, rmw enabled
[   13.795124] raid6: using ssse3x2 recovery algorithm
[   13.803050] xor: measuring software checksum speed
[   13.848207]    prefetch64-sse: 15072.000 MB/sec
[   13.892150]    generic_sse: 14299.000 MB/sec
[   13.896096] xor: using function: prefetch64-sse (15072.000 MB/sec)
[   13.906211] async_tx: api initialized (async)
done.
Begin: Running /scripts/init-premount ... done.
Begin: Mounting root file system ... Begin: Running /scripts/local-top ... done.
Begin: Running /scripts/local-premount ... [   13.998841] Btrfs loaded, crc32c=crc32c-intel
Scanning for Btrfs filesystems
done.
Warning: fsck not present, so skipping root file system
[   14.080898] EXT4-fs (sda1): mounted filesystem with ordered data mode. Opts: (null)
done.
Begin: Running /scripts/local-bottom ... done.
Begin: Running /scripts/init-bottom ... done.
[   14.427331] ip_tables: (C) 2000-2006 Netfilter Core Team
[   14.453335] systemd[1]: systemd 237 running in system mode. (+PAM +AUDIT +SELINUX +IMA +APPARMOR +SMACK +SYSVINIT +UTMP +LIBCRYPTSETUP +GCRYPT +GNUTLS +ACL +XZ +LZ4 +SECCOMP +BLKID +ELFUTILS +KMOD -IDN2 +IDN -PCRE2 default-hierarchy=hybrid)
[   14.473404] systemd[1]: Detected virtualization oracle.
[   14.478337] systemd[1]: Detected architecture x86-64.

Welcome to [1mUbuntu 18.04.5 LTS[0m!

[   14.520794] systemd[1]: Set hostname to <ubuntu>.
[   14.540574] systemd[1]: Initializing machine ID from random generator.
[   14.546400] systemd[1]: Installed transient /etc/machine-id file.
[   15.123560] systemd[1]: Created slice User and Session Slice.
[[0;32m  OK  [0m] Created slice User and Session Slice.
[   15.136209] systemd[1]: Set up automount Arbitrary Executable File Formats File System Automount Point.
[[0;32m  OK  [0m] Set up automount Arbitrary Executab…rmats File System Automount Point.
[   15.153733] systemd[1]: Reached target User and Group Name Lookups.
[[0;32m  OK  [0m] Reached target User and Group Name Lookups.
[   15.164434] systemd[1]: Started Forward Password Requests to Wall Directory Watch.
[[0;32m  OK  [0m] Started Forward Password Requests to Wall Directory Watch.
[[0;32m  OK  [0m] Reached target Swap.
[[0;32m  OK  [0m] Reached target System Time Synchronized.
[[0;32m  OK  [0m] Created slice System Slice.
[[0;32m  OK  [0m] Listening on udev Kernel Socket.
[[0;32m  OK  [0m] Listening on Device-mapper event daemon FIFOs.
[[0;32m  OK  [0m] Created slice system-serial\x2dgetty.slice.
[[0;32m  OK  [0m] Listening on Journal Audit Socket.
[[0;32m  OK  [0m] Listening on Journal Socket.
         Mounting POSIX Message Queue File System...
         Mounting Kernel Debug File System...
         Starting Create list of required st…ce nodes for the current kernel...
         Mounting Huge Pages File System...
[[0;32m  OK  [0m] Listening on udev Control Socket.
         Starting udev Coldplug all Devices...
         Starting Uncomplicated firewall...
[[0;32m  OK  [0m] Listening on Network Service Netlink Socket.
[[0;32m  OK  [0m] Listening on /dev/initctl Compatibility Named Pipe.
[[0;32m  OK  [0m] Reached target Slices.
[[0;32m  OK  [0m] Listening on LVM2 poll daemon socket.
         Starting Set the console keyboard layout...
[[0;32m  OK  [0m] Listening on LVM2 metadata daemon socket.
         Starting Monitoring of LVM2 mirrors…ng dmeventd or progress polling...
[[0;32m  OK  [0m] Listening on Journal Socket (/dev/log).
[[0;32m  OK  [0m] Listening on Syslog Socket.
         Starting Journal Service...
         Starting Remount Root and Kernel File Systems...
         Starting Load Kernel Modules...
[[0;32m  OK  [0m] Mounted POSIX Message Queue File System.
[[0;32m  OK  [0m] Mounted Kernel Debug File System.
[[0;32m  OK  [0m] Started Create list of required sta…vice nodes for the current kernel.
[[0;32m  OK  [0m] Mounted Huge Pages File System.
[[0;32m  OK  [0m] Started Uncomplicated firewall.
[   15.445117] EXT4-fs (sda1): re-mounted. Opts: (null)
[[0;32m  OK  [0m] [   15.461970] Loading iSCSI transport class v2.0-870.
Started LVM2 metadata daemon.
         Starting Create Static Device Nodes in /dev...
[[0;32m  OK  [0m] Started Remount Root and Kernel File Systems.
         Starting Load/Save Random Seed...
[[0;32m  OK  [0m] Started Journal Service.
[[0;32m  OK  [0m] Started udev Coldplug all Devices.
[[0;32m  OK  [0m] Started Load/Save Random Seed.
         Starting Flush Journal to Persistent Storage...
[   15.597493] iscsi: registered transport (tcp)
[   15.637223] systemd-journald[384]: Received request to flush runtime journal from PID 1
[[0;32m  OK  [0m] Started Monitoring of LVM2 mirrors,…sing dmeventd or progress polling.
[[0;32m  OK  [0m] Started Create Static Device Nodes in /dev.
         Starting udev Kernel Device Manager...
[[0;32m  OK  [0m] Started udev Kernel Device Manager.
[   15.822666] iscsi: registered transport (iser)
[[0;32m  OK  [0m] Started Load Kernel Modules.
         Starting Apply Kernel Variables...
         Mounting Kernel Configuration File System...
         Mounting FUSE Control File System...
[[0;32m  OK  [0m] Started Flush Journal to Persistent Storage.
[[0;32m  OK  [0m] Mounted Kernel Configuration File System.
[[0;32m  OK  [0m] Mounted FUSE Control File System.
[[0;32m  OK  [0m] Started Apply Kernel Variables.
[[0;32m  OK  [0m] Found device /dev/ttyS0.
[[0;32m  OK  [0m] Listening on Load/Save RF Kill Switch Status /dev/rfkill Watch.
[[0;32m  OK  [0m] Started Set the console keyboard layout.
[[0;32m  OK  [0m] Reached target Local File Systems (Pre).
[[0;32m  OK  [0m] Reached target Local File Systems.
         Starting Tell Plymouth To Write Out Runtime Data...
         Starting ebtables ruleset management...
         Starting AppArmor initialization...
         Starting Commit a transient machine-id on disk...
         Starting Set console font and keymap...
         Starting Create Volatile Files and Directories...
[[0;32m  OK  [0m] Started Dispatch Password Requests to Console Directory Watch.
[[0;32m  OK  [0m] Reached target Local Encrypted Volumes.
[[0;32m  OK  [0m] Started Tell Plymouth To Write Out Runtime Data.
[[0;32m  OK  [0m] Started Set console font and keymap.
[[0;32m  OK  [0m] Started Create Volatile Files and Directories.
         Starting Update UTMP about System Boot/Shutdown...
[[0;32m  OK  [0m] Started Update UTMP about System Boot/Shutdown.
[[0;32m  OK  [0m] Started Commit a transient machine-id on disk.
[[0;32m  OK  [0m] Started ebtables ruleset management.
[[0;32m  OK  [0m] Started AppArmor initialization.
         Starting Initial cloud-init job (pre-networking)...
         Starting Load AppArmor profiles managed internally by snapd...
[[0;32m  OK  [0m] Started Load AppArmor profiles managed internally by snapd.
[   19.523325] cloud-init[588]: Cloud-init v. 20.3-2-g371b392c-0ubuntu1~18.04.1 running 'init-local' at Tue, 22 Sep 2020 11:47:08 +0000. Up 18.96 seconds.
[[0;32m  OK  [0m] Started Initial cloud-init job (pre-networking).
[[0;32m  OK  [0m] Reached target Network (Pre).
         Starting Network Service...
[[0;32m  OK  [0m] Started Network Service.
         Starting Wait for Network to be Configured...
         Starting Network Name Resolution...
[[0;32m  OK  [0m] Started Network Name Resolution.
[[0;32m  OK  [0m] Reached target Network.
[[0;32m  OK  [0m] Reached target Host and Network Name Lookups.
[[0;32m  OK  [0m] Started Wait for Network to be Configured.
         Starting Initial cloud-init job (metadata service crawler)...
[   21.811341] cloud-init[719]: Cloud-init v. 20.3-2-g371b392c-0ubuntu1~18.04.1 running 'init' at Tue, 22 Sep 2020 11:47:10 +0000. Up 21.65 seconds.
[   21.816909] cloud-init[719]: ci-info: ++++++++++++++++++++++++++++++++++++++Net device info++++++++++++++++++++++++++++++++++++++
[   21.821963] cloud-init[719]: ci-info: +--------+------+----------------------------+---------------+--------+-------------------+
[   21.826691] cloud-init[719]: ci-info: | Device |  Up  |          Address           |      Mask     | Scope  |     Hw-Address    |
[   21.831752] cloud-init[719]: ci-info: +--------+------+----------------------------+---------------+--------+-------------------+
[   21.837689] cloud-init[719]: ci-info: | enp0s3 | True |         10.0.2.15          | 255.255.255.0 | global | 02:a6:ac:a9:9a:f4 |
[   21.843407] cloud-init[719]: ci-info: | enp0s3 | True | fe80::a6:acff:fea9:9af4/64 |       .       |  link  | 02:a6:ac:a9:9a:f4 |
[   21.848981] cloud-init[719]: ci-info: |   lo   | True |         127.0.0.1          |   255.0.0.0   |  host  |         .         |
[   21.854497] cloud-init[719]: ci-info: |   lo   | True |          ::1/128           |       .       |  host  |         .         |
[   21.860436] cloud-init[719]: ci-info: +--------+------+----------------------------+---------------+--------+-------------------+
[   21.865876] cloud-init[719]: ci-info: ++++++++++++++++++++++++++++Route IPv4 info+++++++++++++++++++++++++++++
[   21.871170] cloud-init[719]: ci-info: +-------+-------------+----------+-----------------+-----------+-------+
[   21.876741] cloud-init[719]: ci-info: | Route | Destination | Gateway  |     Genmask     | Interface | Flags |
[   21.881551] cloud-init[719]: ci-info: +-------+-------------+----------+-----------------+-----------+-------+
[   21.886603] cloud-init[719]: ci-info: |   0   |   0.0.0.0   | 10.0.2.2 |     0.0.0.0     |   enp0s3  |   UG  |
[   21.891391] cloud-init[719]: ci-info: |   1   |   10.0.2.0  | 0.0.0.0  |  255.255.255.0  |   enp0s3  |   U   |
[   21.895792] cloud-init[719]: ci-info: |   2   |   10.0.2.2  | 0.0.0.0  | 255.255.255.255 |   enp0s3  |   UH  |
[   21.900622] cloud-init[719]: ci-info: +-------+-------------+----------+-----------------+-----------+-------+
[   21.905130] cloud-init[719]: ci-info: +++++++++++++++++++Route IPv6 info+++++++++++++++++++
[   21.908995] cloud-init[719]: ci-info: +-------+-------------+---------+-----------+-------+
[   21.912751] cloud-init[719]: ci-info: | Route | Destination | Gateway | Interface | Flags |
[   21.916786] cloud-init[719]: ci-info: +-------+-------------+---------+-----------+-------+
[   21.920708] cloud-init[719]: ci-info: |   1   |  fe80::/64  |    ::   |   enp0s3  |   U   |
[   21.925144] cloud-init[719]: ci-info: |   3   |    local    |    ::   |   enp0s3  |   U   |
[   21.928906] cloud-init[719]: ci-info: |   4   |   ff00::/8  |    ::   |   enp0s3  |   U   |
[   21.932880] cloud-init[719]: ci-info: +-------+-------------+---------+-----------+-------+
[   23.163289] cloud-init[719]: Generating public/private rsa key pair.
[   23.166432] cloud-init[719]: Your identification has been saved in /etc/ssh/ssh_host_rsa_key.
[   23.170644] cloud-init[719]: Your public key has been saved in /etc/ssh/ssh_host_rsa_key.pub.
[   23.175477] cloud-init[719]: The key fingerprint is:
[   23.178874] cloud-init[719]: SHA256:8K8MDKccs+afEc2eDyxw+tjRm+0OuN1giYOpBi7/jBo root@ubuntu-bionic
[   23.184863] cloud-init[719]: The key's randomart image is:
[   23.187601] cloud-init[719]: +---[RSA 2048]----+
[   23.190668] cloud-init[719]: |                 |
[   23.193154] cloud-init[719]: |                 |
[   23.195614] cloud-init[719]: |      .          |
[   23.198435] cloud-init[719]: |       =         |
[   23.201207] cloud-init[719]: |    = + S        |
[   23.203719] cloud-init[719]: |.  . # B +       |
[   23.206363] cloud-init[719]: |E.  O X @ .      |
[   23.209033] cloud-init[719]: |.o.* + % @       |
[   23.211680] cloud-init[719]: |o++.=.* *o*      |
[   23.214286] cloud-init[719]: +----[SHA256]-----+
[   23.216601] cloud-init[719]: Generating public/private dsa key pair.
[   23.220020] cloud-init[719]: Your identification has been saved in /etc/ssh/ssh_host_dsa_key.
[   23.224955] cloud-init[719]: Your public key has been saved in /etc/ssh/ssh_host_dsa_key.pub.
[   23.229307] cloud-init[719]: The key fingerprint is:
[   23.231844] cloud-init[719]: SHA256:JBDlIlf/U77eFYU5RzJAxTHEwrudqDgZt1jUqoO56uA root@ubuntu-bionic
[   23.236314] cloud-init[719]: The key's randomart image is:
[   23.239796] cloud-init[719]: +---[DSA 1024]----+
[   23.242242] cloud-init[719]: |    ooo    oo*B..|
[   23.244664] cloud-init[719]: |     + .    o oB |
[   23.246878] cloud-init[719]: |  . o o o  ..o+ o|
[   23.249901] cloud-init[719]: |   o . o ..oo  o.|
[   23.257572] cloud-init[719]: |        S.o..+ o |
[   23.264528] cloud-init[719]: |        . +.o.o .|
[   23.270918] cloud-init[719]: |  .    o O o.   .|
[   23.278199] cloud-init[719]: | . .  o B o. . . |
[   23.284191] cloud-init[719]: |  E.o... o  . .  |
[   23.292026] cloud-init[719]: +----[SHA256]-----+
[   23.300500] cloud-init[719]: Generating public/private ecdsa key pair.
[   23.309160] cloud-init[719]: Your identification has been saved in /etc/ssh/ssh_host_ecdsa_key.
[   23.317637] cloud-init[719]: Your public key has been saved in /etc/ssh/ssh_host_ecdsa_key.pub.
[   23.326111] cloud-init[719]: The key fingerprint is:
[   23.333188] cloud-init[719]: SHA256:rsG7sBqdw7zvSqNoe2hw8SfJRRIu0NHKs1shRWZVX7g root@ubuntu-bionic
[[0;32m  OK  [0m] Started Initial cloud-init job (metadata service crawler).
[   23.345229] [[0;32m  OK  [0m] Reached target System Initialization.
[[0;32m  OK  [0m] Listening on UUID daemon activation socket.
[[0;32m  OK  [0m] Started Daily apt download activities.
[[0;32m  OK  [0m] Listening on Open-iSCSI iscsid Socket.
[[0;32m  OK  [0m] Started Daily Cleanup of Temporary Directories.
[[0;32m  OK  [0m] Listening on D-Bus System Message Bus Socket.
[[0;32m  OK  [0m] Listening on ACPID Listen Socket.
         Starting Socket activation for snappy daemon.
[[0;32m  OK  [0m] Started Message of the Day.
[[0;32m  OK  [0m] Started Discard unused blocks once a week.
[[0;32m  OK  [0m] Started Daily apt upgrade and clean activities.
[[0;32m  OK  [0m] Started ACPI Events Check.
         Starting LXD - unix socket.
[[0;32m  OK  [0m] Reached target Timers.
[[0;32m  OK  [0m] Reached target Paths.
[[0;32m  OK  [0m] Reached target Cloud-config availability.
[[0;32m  OK  [0m] Reached target Network is Online.
[[0;32m  OK  [0m] Reached target Remote File Systems (Pre).
[[0;32m  OK  [0m] Reached target Remote File Systems.
         Starting Availability of block devices...
[[0;32m  OK  [0m] Listening on Socket activation for snappy daemon.
[[0;32m  OK  [0m] Listening on LXD - unix socket.
[[0;32m  OK  [0m] Reached target Sockets.
[[0;32m  OK  [0m] Reached target Basic System.
         Starting System Logging Service...
[[0;32m  OK  [0m] Started irqbalance daemon.
         Starting LXD - container startup/shutdown...
cloud-init[719]:          Starting Permit User Sessions...
The key's randomart image is:[[0;32m  OK  [0m] Started Deferred execution scheduler.
         Starting Virtualbox guest utils...

[   23.446208] cloud-init[719]: +---[ECDSA 256]---+
[   23.456431] cloud-init[719]: |...+=o...  ..    |
[   23.460989] cloud-init[719]: | ..++ .  ...     |
[   23.463202] cloud-init[719]: | ..o.o    ..     |
[   23.465644] cloud-init[719]: |  *.. .   E      |
[   23.468237] cloud-init[719]: |   B +  S        |
[   23.471401] cloud-init[719]: |. o+*o..         |
[   23.475054] cloud-init[719]: |..ooXoo .        |
[   23.480585] [[0;32m  OK  [0m] Started Regular background program processing daemon.
cloud-init[719]: | =.= * +         |
[   23.490751] cloud-init[719]: |+.=.++*.         |
[   23.500273] cloud-init[719]: +----[SHA256]-----+
[   23.513016] cloud-init[719]: Generating public/private ed25519 key pair.
[   23.521534] cloud-init[719]: Your identification has been saved in /etc/ssh/ssh_host_ed25519_key.
[   23.531326] cloud-init[719]: Your public key has been saved in /etc/ssh/ssh_host_ed25519_key.pub.
[   23.543270] cloud-init[719]: The key fingerprint is:
[   23.552297] cloud-init[719]: SHA256:1aq8eJF/xQQAO3ODf8hEVq8LRUFbSneurTiAj6otGms root@ubuntu-bionic
[   23.564697] cloud-init[719]: The key's randomart image is:
[   23.573310] cloud-init[719]: +--[ED25519 256]--+
[   23.581346] cloud-init[719]: |        ..++*.o .|
[   23.589704] cloud-init[719]: |         = +.* o |
[   23.598726] cloud-init[719]: |        = = =.. .|
[   23.608884] cloud-init[719]: |         X = ..o |
[   23.621287] cloud-init[719]: |        S.B oo. .|
[   23.631022] cloud-init[719]: |       .o+ + oo. |
[   23.645853]          Starting Snap Daemon...
cloud-init         Starting Pollinate to seed the pseudo random number generator...
         Starting LSB: Record successful boot for GRUB...
[719]: |  .     +o. +..  |[[0;32m  OK  [0m] Started FUSE filesystem for LXC.

[[0;32m  OK  [0m] Started D-Bus System Message Bus.
[   23.682086] cloud-init[719]: |  Eo.. o... ..   |
[   23.709561] cloud-init[719]: | .o..o+..  .     |
[   23.721524] cloud-init[719]: +----[SHA256]-----+
         Starting Dispatcher daemon for systemd-networkd...
         Starting Login Service...
         Starting LSB: automatic crash report generation...
         Starting Accounts Service...
[[0;32m  OK  [0m] Started System Logging Service.
[[0;32m  OK  [0m] Started Availability of block devices.
[[0;32m  OK  [0m] Started Permit User Sessions.
         Starting Hold until boot process finishes up...
         Starting Terminate Plymouth Boot Screen...
[[0;32m  OK  [0m] Started Hold until boot process finishes up.
[[0;32m  OK  [0m] Started Serial Getty on ttyS0.
         Starting Set console scheme...
[[0;32m  OK  [0m] Started Terminate Plymouth Boot Screen.
[[0;32m  OK  [0m] Started LXD - container startup/shutdown.
[[0;32m  OK  [0m] Started Set console scheme.
[[0;32m  OK  [0m] Created slice system-getty.slice.
[[0;32m  OK  [0m] Started Getty on tty1.
[[0;32m  OK  [0m] Reached target Login Prompts.
[[0;32m  OK  [0m] Started Login Service.
[[0;32m  OK  [0m] Started Unattended Upgrades Shutdown.
[[0;32m  OK  [0m] Started LSB: Record successful boot for GRUB.
[[0;32m  OK  [0m] Started LSB: automatic crash report generation.
         Starting Authorization Manager...
[[0;32m  OK  [0m] Started Virtualbox guest utils.
[[0;32m  OK  [0m] Started Authorization Manager.
[[0;32m  OK  [0m] Started Accounts Service.
[[0;32m  OK  [0m] Started Dispatcher daemon for systemd-networkd.
[[0;32m  OK  [0m] Started Snap Daemon.
         Starting Wait until snapd is fully seeded...
[[0;32m  OK  [0m] Started Pollinate to seed the pseudo random number generator.
         Starting OpenBSD Secure Shell server...
[[0;1;31mFAILED[0m] Failed to start Wait until snapd is fully seeded.
See 'systemctl status snapd.seeded.service' for details.
         Starting Apply the settings specified in cloud-config...
[[0;32m  OK  [0m] Started OpenBSD Secure Shell server.
[[0;32m  OK  [0m] Reached target Multi-User System.
[[0;32m  OK  [0m] Reached target Graphical Interface.
         Starting Update UTMP about System Runlevel Changes...
[[0;32m  OK  [0m] Started Update UTMP about System Runlevel Changes.
[[0;32m  OK  [0m] Created slice User Slice of vagrant.
         Starting User Manager for UID 1000...
[[0;32m  OK  [0m] Started Session 1 of user vagrant.
[[0;32m  OK  [0m] Started User Manager for UID 1000.
[   28.438074] cloud-init[1081]: Cloud-init v. 20.3-2-g371b392c-0ubuntu1~18.04.1 running 'modules:config' at Tue, 22 Sep 2020 11:47:16 +0000. Up 27.15 seconds.
[[0;32m  OK  [0m] Started Apply the settings specified in cloud-config.
         Starting Execute cloud user/final scripts...
ci-info: no authorized SSH keys fingerprints found for user ubuntu.
<14>Sep 22 11:47:18 ec2: 
<14>Sep 22 11:47:18 ec2: #############################################################
<14>Sep 22 11:47:18 ec2: -----BEGIN SSH HOST KEY FINGERPRINTS-----
<14>Sep 22 11:47:18 ec2: 1024 SHA256:JBDlIlf/U77eFYU5RzJAxTHEwrudqDgZt1jUqoO56uA root@ubuntu-bionic (DSA)
<14>Sep 22 11:47:18 ec2: 256 SHA256:rsG7sBqdw7zvSqNoe2hw8SfJRRIu0NHKs1shRWZVX7g root@ubuntu-bionic (ECDSA)
<14>Sep 22 11:47:18 ec2: 256 SHA256:1aq8eJF/xQQAO3ODf8hEVq8LRUFbSneurTiAj6otGms root@ubuntu-bionic (ED25519)
<14>Sep 22 11:47:18 ec2: 2048 SHA256:8K8MDKccs+afEc2eDyxw+tjRm+0OuN1giYOpBi7/jBo root@ubuntu-bionic (RSA)
<14>Sep 22 11:47:18 ec2: -----END SSH HOST KEY FINGERPRINTS-----
<14>Sep 22 11:47:18 ec2: #############################################################
-----BEGIN SSH HOST KEY KEYS-----
ecdsa-sha2-nistp256 AAAAE2VjZHNhLXNoYTItbmlzdHAyNTYAAAAIbmlzdHAyNTYAAABBBK97aznzVyEFuww8gHsGfzjmOuImY9qXTDzstF+3M6rcq0S4ze29+b+cQVZi4Gx9OITvKzDa3jrI7rdu96qFgQk= root@ubuntu-bionic
ssh-ed25519 AAAAC3NzaC1lZDI1NTE5AAAAILrpShkoq143d4nzUJYw+uBEOUQGqkRSCeNdYkRYUfbc root@ubuntu-bionic
ssh-rsa AAAAB3NzaC1yc2EAAAADAQABAAABAQDJCY5vSPQnAVJwlk3fnB7y307gqQ41owyF/Kmk1zQ9RFYKNG3quKyCWwD/1MXbUx69yCGSMZuzWWZk5ZoYV8N6YjXyZenIxXQvwwMZmR3KXzFL7fhIudU5gafHJKCIPCxHOZ/96uCoJVf5NHqu3uf6b4bmGe0LRcU61JVSsVcYSAopPjc5np+961dt27x8iHQRig40WKpFOJejPibklm6ENUxLXztuFTu9NjiDk/rvYYQqgqVrE0tAwB4ih7JVCXUNv4pFpjPBfte0J9hIqtgsFzfiGT/7B7c7HcoQDr2NqYRNo9mi3776U4oc/XYMHI5+rwSRNQzXW8/NBq4AYp91 root@ubuntu-bionic
-----END SSH HOST KEY KEYS-----
[   29.921972] cloud-init[1181]: Cloud-init v. 20.3-2-g371b392c-0ubuntu1~18.04.1 running 'modules:final' at Tue, 22 Sep 2020 11:47:18 +0000. Up 29.51 seconds.
[   29.922180] cloud-init[1181]: ci-info: no authorized SSH keys fingerprints found for user ubuntu.
[   29.922752] cloud-init[1181]: Cloud-init v. 20.3-2-g371b392c-0ubuntu1~18.04.1 finished at Tue, 22 Sep 2020 11:47:19 +0000. Datasource DataSourceNoCloud [seed=/dev/sdb][dsmode=net].  Up 29.90 seconds

Ubuntu 18.04.5 LTS ubuntu-bionic ttyS0

ubuntu-bionic login: [[0;32m  OK  [0m] Closed Load/Save RF Kill Switch Status /dev/rfkill Watch.
         Stopping User Manager for UID 1000...
[[0;32m  OK  [0m] Stopped target Graphical Interface.
         Stopping Authorization Manager...
[[0;32m  OK  [0m] Stopped target Cloud-init target.
[[0;32m  OK  [0m] Stopped target Host and Network Name Lookups.
         Stopping Availability of block devices...
         Stopping Accounts Service...
[[0;32m  OK  [0m] Stopped Execute cloud user/final scripts.
[[0;32m  OK  [0m] Stopped Apply the settings specified in cloud-config.
[[0;32m  OK  [0m] Stopped target Multi-User System.
         Stopping Regular background program processing daemon...
         Stopping System Logging Service...
         Stopping D-Bus System Message Bus...
         Stopping LXD - container startup/shutdown...
         Stopping LSB: Record successful boot for GRUB...
         Stopping irqbalance daemon...
         Stopping LSB: automatic crash report generation...
         Stopping Deferred execution scheduler...
[[0;32m  OK  [0m] Stopped target Login Prompts.
         Stopping Getty on tty1...
         Stopping Virtualbox guest utils...
         Stopping Session 7 of user vagrant.
         Unmounting /vagrant...
         Stopping FUSE filesystem for LXC...
         Stopping OpenBSD Secure Shell server...
         Unmounting /var/www/html...
         Stopping Dispatcher daemon for systemd-networkd...
[[0;32m  OK  [0m] Stopped target Network is Online.
[[0;32m  OK  [0m] Stopped target Timers.
[[0;32m  OK  [0m] Stopped Message of the Day.
[[0;32m  OK  [0m] Stopped Discard unused blocks once a week.
[[0;32m  OK  [0m] Stopped Dai         Stopping Serial Getty on ttyS0...
[[0;32m  OK  [0m] Stopped Daily Cleanup of Temporary Directories.
         Stopping A high performance web server and a reverse proxy server...
[[0;32m  OK  [0m] Unmounted /var/lib/lxcfs.
[[0;32m  OK  [0m] Stopped System Logging Service.
[[0;32m  OK  [0m] Stopped irqbalance daemon.
[[0;32m  OK  [0m] Stopped Deferred execution scheduler.
[[0;32m  OK  [0m] Stopped Regular background program processing daemon.
[[0;32m  OK  [0m] Stopped Dispatcher daemon for systemd-networkd.
[[0;32m  OK  [0m] Stopped Accounts Service.
[[0;32m  OK  [0m] Stopped Serial Getty on ttyS0.
[[0;32m  OK  [0m] Stopped Getty on tty1.
[[0;32m  OK  [0m] Stopped Authorization Manager.
[[0;32m  OK  [0m] Stopped OpenBSD Secure Shell server.
[[0;32m  OK  [0m] Stopped User Manager for UID 1000.
[[0;32m  OK  [0m] Stopped D-Bus System Message Bus.
[[0;32m  OK  [0m] Unmounted /vagrant.
[[0;32m  OK  [0m] Unmounted /var/www/html.
[[0;32m  OK  [0m] Stopped A high performance web server and a reverse proxy server.
[[0;32m  OK  [0m] Stopped FUSE filesystem for LXC.
[[0;32m  OK  [0m] Stopped Session 7 of user vagrant.
[[0;32m  OK  [0m] Stopped LXD - container startup/shutdown.
[[0;32m  OK  [0m] Removed slice User Slice of vagrant.
         Stopping Login Service...
[[0;32m  OK  [0m] Removed slice system-getty.slice.
[[0;32m  OK  [0m] Removed slice system-serial\x2dgetty.slice.
         Stopping Permit User Sessions...
[[0;32m  OK  [0m] Stopped LSB: Record successful boot for GRUB.
[[0;32m  OK  [0m] Stopped Availability of block devices.
[[0;32m  OK  [0m] Stopped LSB: automatic crash report generation.
[[0;32m  OK  [0m] Stopped Permit User Sessions.
[[0;32m  OK  [0m] Stopped target Network.
         Stopping Network Name Resolution...
[[0;32m  OK  [0m] Stopped target Remote File Systems.
[[0;32m  OK  [0m] Stopped target Remote File Systems (Pre).
[[0;32m  OK  [0m] Stopped Virtualbox guest utils.
[[0;32m  OK  [0m] Stopped Network Name Resolution.
[[0;32m  OK  [0m] Stopped Login Service.
[[0;32m  OK  [0m] Stopped target User and Group Name Lookups.
[[0;32m  OK  [0m] Stopped target Basic System.
[[0;32m  OK  [0m] Stopped target Sockets.
[[0;32m  OK  [0m] Closed Socket activation for snappy daemon.
[[0;32m  OK  [0m] Closed Syslog Socket.
[[0;32m  OK  [0m] Closed Open-iSCSI iscsid Socket.
[[0;32m  OK  [0m] Closed LXD - unix socket.
[[0;32m  OK  [0m] Closed ACPID Listen Socket.
[[0;32m  OK  [0m] Closed UUID daemon activation socket.
[[0;32m  OK  [0m] Stopped target Paths.
[[0;32m  OK  [0m] Stopped ACPI Events Check.
[[0;32m  OK  [0m] Stopped target Slices.
[[0;32m  OK  [0m] Removed slice User and Session Slice.
[[0;32m  OK  [0m] Closed D-Bus System Message Bus Socket.
[[0;32m  OK  [0m] Stopped target System Initialization.
[[0;32m  OK  [0m] Stopped target Local Encrypted Volumes.
[[0;32m  OK  [0m] Stopped Forward Password Requests to Wall Directory Watch.
[[0;32m  OK  [0m] Stopped Dispatch Password Requests to Console Directory Watch.
         Stopping Load/Save Random Seed...
[[0;32m  OK  [0m] Stopped Commit a transient machine-id on disk.
         Stopping Update UTMP about System Boot/Shutdown...
[[0;32m  OK  [0m] Stopped Initial cloud-init job (metadata service crawler).
[[0;32m  OK  [0m] Stopped Wait for Network to be Configured.
         Stopping Network Service...
[[0;32m  OK  [0m] Stopped Load/Save Random Seed.
[[0;32m  OK  [0m] Stopped Update UTMP about System Boot/Shutdown.
[[0;32m  OK  [0m] Stopped Create Volatile Files and Directories.
[[0;32m  OK  [0m] Stopped target Local File Systems.
         Unmounting /run/user/1000...
[[0;32m  OK  [0m] Unmounted /run/user/1000.
[[0;32m  OK  [0m] Reached target Unmount All Filesystems.
[[0;32m  OK  [0m] Stopped target Swap.
[[0;32m  OK  [0m] Stopped target Local File Systems (Pre).
         Stopping Monitoring of LVM2 mirrors…ng dmeventd or progress polling...
[[0;32m  OK  [0m] Stopped Create Static Device Nodes in /dev.
[[0;32m  OK  [0m] Stopped Network Service.
[[0;32m  OK  [0m] Stopped target Network (Pre).
[[0;32m  OK  [0m] Stopped Initial cloud-init job (pre-networking).
[[0;32m  OK  [0m] Stopped Remount Root and Kernel File Systems.
[[0;32m  OK  [0m] Stopped Apply Kernel Variables.
[[0;32m  OK  [0m] Stopped Load Kernel Modules.
[[0;32m  OK  [0m] Reached target Shutdown.
[[0;32m  OK  [0m] Reached target Final Step.
         Starting Power-Off...
[  154.220444] reboot: Power down
